<?xml version="1.0" encoding="UTF-8"?>
<testng-results ignored="0" total="2" passed="2" failed="0" skipped="0">
  <reporter-output>
  </reporter-output>
  <suite started-at="2021-02-22T13:22:17 IST" name="Suite" finished-at="2021-02-22T13:22:42 IST" duration-ms="25764">
    <groups>
    </groups>
    <test started-at="2021-02-22T13:22:17 IST" name="chrometest" finished-at="2021-02-22T13:22:37 IST" duration-ms="19862">
      <class name="someSubject.MultipleNg">
        <test-method is-config="true" signature="setup(java.lang.String)[pri:0, instance:someSubject.MultipleNg@1e6454ec]" started-at="2021-02-22T13:22:17 IST" name="setup" finished-at="2021-02-22T13:22:22 IST" duration-ms="5331" status="PASS">
          <params>
            <param index="0">
              <value>
                <![CDATA[chrome]]>
              </value>
            </param>
          </params>
          <reporter-output>
          </reporter-output>
        </test-method> <!-- setup -->
        <test-method signature="Accessing()[pri:0, instance:someSubject.MultipleNg@1e6454ec]" started-at="2021-02-22T13:22:22 IST" name="Accessing" finished-at="2021-02-22T13:22:33 IST" duration-ms="10641" status="PASS">
          <reporter-output>
          </reporter-output>
        </test-method> <!-- Accessing -->
        <test-method is-config="true" signature="EndOfTheTest()[pri:0, instance:someSubject.MultipleNg@1e6454ec]" started-at="2021-02-22T13:22:33 IST" name="EndOfTheTest" finished-at="2021-02-22T13:22:37 IST" duration-ms="3841" status="PASS">
          <reporter-output>
          </reporter-output>
        </test-method> <!-- EndOfTheTest -->
      </class> <!-- someSubject.MultipleNg -->
    </test> <!-- chrometest -->
    <test started-at="2021-02-22T13:22:17 IST" name="firetest" finished-at="2021-02-22T13:22:42 IST" duration-ms="25764">
      <class name="someSubject.MultipleNg">
        <test-method is-config="true" signature="setup(java.lang.String)[pri:0, instance:someSubject.MultipleNg@3059cbc]" started-at="2021-02-22T13:22:17 IST" name="setup" finished-at="2021-02-22T13:22:26 IST" duration-ms="9732" status="PASS">
          <params>
            <param index="0">
              <value>
                <![CDATA[firefox]]>
              </value>
            </param>
          </params>
          <reporter-output>
          </reporter-output>
        </test-method> <!-- setup -->
        <test-method signature="Accessing()[pri:0, instance:someSubject.MultipleNg@3059cbc]" started-at="2021-02-22T13:22:26 IST" name="Accessing" finished-at="2021-02-22T13:22:38 IST" duration-ms="11853" status="PASS">
          <reporter-output>
          </reporter-output>
        </test-method> <!-- Accessing -->
        <test-method is-config="true" signature="EndOfTheTest()[pri:0, instance:someSubject.MultipleNg@3059cbc]" started-at="2021-02-22T13:22:38 IST" name="EndOfTheTest" finished-at="2021-02-22T13:22:42 IST" duration-ms="4169" status="PASS">
          <reporter-output>
          </reporter-output>
        </test-method> <!-- EndOfTheTest -->
      </class> <!-- someSubject.MultipleNg -->
    </test> <!-- firetest -->
  </suite> <!-- Suite -->
</testng-results>
